<?xml version="1.0" encoding="UTF-8"?>
<!-- Generated by org.testng.reporters.JUnitReportReporter -->
<testsuite hostname="Aney" failures="0" tests="1" name="testNG.CategoryToPaymentTest" time="3.861" errors="0" timestamp="2023-03-29T16:30:23 IST" skipped="0">
  <testcase classname="testNG.CategoryToPaymentTest" name="payment" time="3.861"/>
  <system-out>
    <![CDATA[payment------>Testscript execution started
payment------>Testscript execution Successfull]]>
  </system-out>
</testsuite> <!-- testNG.CategoryToPaymentTest -->
