<?xml version="1.0" encoding="UTF-8"?>
<!-- Generated by org.testng.reporters.JUnitReportReporter -->
<testsuite hostname="Aney" failures="0" tests="1" name="category_Module.CreateCategory_Test" time="5.568" errors="0" timestamp="2023-03-24T13:25:16 IST" skipped="0">
  <testcase classname="category_Module.CreateCategory_Test" name="InsertProdut" time="5.568"/>
  <system-out/>
</testsuite> <!-- category_Module.CreateCategory_Test -->
