<?xml version="1.0" encoding="UTF-8"?>
<!-- Generated by org.testng.reporters.JUnitReportReporter -->
<testsuite hostname="Aney" failures="0" tests="1" name="Practice_Package.TestNGAnnotationPractice" time="0.010" errors="0" timestamp="2023-03-23T17:06:00 IST" skipped="0">
  <testcase classname="Practice_Package.TestNGAnnotationPractice" name="Test" time="0.010"/>
  <system-out/>
</testsuite> <!-- Practice_Package.TestNGAnnotationPractice -->
