<?xml version="1.0" encoding="UTF-8"?>
<!-- Generated by org.testng.reporters.JUnitReportReporter -->
<testsuite hostname="Aney" failures="0" tests="2" name="Practice_Package.DataProviderPractice" time="0.012" errors="0" timestamp="2023-03-24T10:02:09 IST" skipped="0">
  <testcase classname="Practice_Package.DataProviderPractice" name="dataProvidePractice" time="0.011"/>
  <system-out/>
  <testcase classname="Practice_Package.DataProviderPractice" name="dataProvidePractice" time="0.001"/>
  <system-out/>
</testsuite> <!-- Practice_Package.DataProviderPractice -->
