<?xml version="1.0" encoding="UTF-8"?>
<!-- Generated by org.testng.reporters.JUnitReportReporter -->
<testsuite hostname="Aney" failures="0" tests="2" name="Practice_Package.DataProviderFromotherClass" time="0.010" errors="0" timestamp="2023-03-29T17:25:41 IST" skipped="0">
  <testcase classname="Practice_Package.DataProviderFromotherClass" name="dataPro" time="0.009"/>
  <system-out/>
  <testcase classname="Practice_Package.DataProviderFromotherClass" name="dataPro" time="0.001"/>
  <system-out/>
</testsuite> <!-- Practice_Package.DataProviderFromotherClass -->
